2024-07-16 23:54:20,537 - INFO - Car started
2024-07-16 23:54:20,645 - INFO - Speed 1 km/h - left(off) - right(off) - speed(1 km/h) - brake(on)
2024-07-16 23:54:20,754 - INFO - Speed 2 km/h - left(off) - right(off) - speed(2 km/h) - brake(on)
2024-07-16 23:54:20,865 - INFO - Speed 3 km/h - left(off) - right(off) - speed(3 km/h) - brake(on)
2024-07-16 23:54:20,972 - INFO - Speed 4 km/h - left(off) - right(off) - speed(4 km/h) - brake(on)
2024-07-16 23:54:21,080 - INFO - Speed 5 km/h - left(off) - right(off) - speed(5 km/h) - brake(on)
2024-07-16 23:54:21,187 - INFO - Speed 6 km/h - left(off) - right(off) - speed(6 km/h) - brake(on)
2024-07-16 23:54:21,295 - INFO - Speed 7 km/h - left(off) - right(off) - speed(7 km/h) - brake(on)
2024-07-16 23:54:21,404 - INFO - Speed 8 km/h - left(off) - right(off) - speed(8 km/h) - brake(on)
2024-07-16 23:54:21,515 - INFO - Speed 9 km/h - left(off) - right(off) - speed(9 km/h) - brake(on)
2024-07-16 23:54:21,623 - INFO - Speed 10 km/h - left(off) - right(off) - speed(10 km/h) - brake(on)
2024-07-16 23:54:21,740 - INFO - Speed 11 km/h - left(off) - right(off) - speed(11 km/h) - brake(on)
2024-07-16 23:54:21,841 - INFO - Speed 12 km/h - left(off) - right(off) - speed(12 km/h) - brake(on)
2024-07-16 23:54:21,955 - INFO - Speed 13 km/h - left(off) - right(off) - speed(13 km/h) - brake(on)
2024-07-16 23:54:22,116 - INFO - Speed 14 km/h - left(off) - right(off) - speed(14 km/h) - brake(on)
2024-07-16 23:54:22,171 - INFO - Speed 15 km/h - left(off) - right(off) - speed(15 km/h) - brake(on)
2024-07-16 23:54:22,280 - INFO - Speed 16 km/h - left(off) - right(off) - speed(16 km/h) - brake(on)
2024-07-16 23:54:22,389 - INFO - Speed 17 km/h - left(off) - right(off) - speed(17 km/h) - brake(on)
2024-07-16 23:54:22,500 - INFO - Speed 18 km/h - left(off) - right(off) - speed(18 km/h) - brake(on)
2024-07-16 23:54:22,608 - INFO - Speed 19 km/h - left(off) - right(off) - speed(19 km/h) - brake(on)
2024-07-16 23:54:22,731 - INFO - Speed 20 km/h - left(off) - right(off) - speed(20 km/h) - brake(on)
2024-07-16 23:54:22,838 - INFO - Speed 21 km/h - left(off) - right(off) - speed(21 km/h) - brake(on)
2024-07-16 23:54:22,948 - INFO - Speed 22 km/h - left(off) - right(off) - speed(22 km/h) - brake(on)
2024-07-16 23:54:23,058 - INFO - Speed 23 km/h - left(off) - right(off) - speed(23 km/h) - brake(on)
2024-07-16 23:54:23,163 - INFO - Speed 24 km/h - left(off) - right(off) - speed(24 km/h) - brake(on)
2024-07-16 23:54:23,263 - INFO - Speed 25 km/h - left(off) - right(off) - speed(25 km/h) - brake(on)
2024-07-16 23:54:23,373 - INFO - Speed 26 km/h - left(off) - right(off) - speed(26 km/h) - brake(on)
2024-07-16 23:54:23,484 - INFO - Speed 27 km/h - left(off) - right(off) - speed(27 km/h) - brake(on)
2024-07-16 23:54:23,596 - INFO - Speed 28 km/h - left(off) - right(off) - speed(28 km/h) - brake(on)
2024-07-16 23:54:23,702 - INFO - Speed 29 km/h - left(off) - right(off) - speed(29 km/h) - brake(on)
2024-07-16 23:54:23,812 - INFO - Speed 30 km/h - left(off) - right(off) - speed(30 km/h) - brake(on)
2024-07-16 23:54:23,921 - INFO - Speed 31 km/h - left(off) - right(off) - speed(31 km/h) - brake(on)
2024-07-16 23:54:24,030 - INFO - Speed 32 km/h - left(off) - right(off) - speed(32 km/h) - brake(on)
2024-07-16 23:54:24,139 - INFO - Speed 33 km/h - left(off) - right(off) - speed(33 km/h) - brake(on)
2024-07-16 23:54:24,248 - INFO - Speed 34 km/h - left(off) - right(off) - speed(34 km/h) - brake(on)
2024-07-16 23:54:24,358 - INFO - Speed 35 km/h - left(off) - right(off) - speed(35 km/h) - brake(on)
2024-07-16 23:54:24,467 - INFO - Speed 36 km/h - left(off) - right(off) - speed(36 km/h) - brake(on)
2024-07-16 23:54:24,589 - INFO - Speed 37 km/h - left(off) - right(off) - speed(37 km/h) - brake(on)
2024-07-16 23:54:24,700 - INFO - Speed 38 km/h - left(off) - right(off) - speed(38 km/h) - brake(on)
2024-07-16 23:54:24,795 - INFO - Speed 39 km/h - left(off) - right(off) - speed(39 km/h) - brake(on)
2024-07-16 23:54:24,904 - INFO - Speed 40 km/h - left(off) - right(off) - speed(40 km/h) - brake(on)
2024-07-16 23:54:25,015 - INFO - Speed 41 km/h - left(off) - right(off) - speed(41 km/h) - brake(on)
2024-07-16 23:54:25,122 - INFO - Speed 42 km/h - left(off) - right(off) - speed(42 km/h) - brake(on)
2024-07-16 23:54:25,240 - INFO - Speed 43 km/h - left(off) - right(off) - speed(43 km/h) - brake(on)
2024-07-16 23:54:25,341 - INFO - Speed 44 km/h - left(off) - right(off) - speed(44 km/h) - brake(on)
2024-07-16 23:54:25,453 - INFO - Speed 45 km/h - left(off) - right(off) - speed(45 km/h) - brake(on)
2024-07-16 23:54:25,567 - INFO - Speed 46 km/h - left(off) - right(off) - speed(46 km/h) - brake(on)
2024-07-16 23:54:25,669 - INFO - Speed 47 km/h - left(off) - right(off) - speed(47 km/h) - brake(on)
2024-07-16 23:54:25,781 - INFO - Speed 48 km/h - left(off) - right(off) - speed(48 km/h) - brake(on)
2024-07-16 23:54:25,889 - INFO - Speed 49 km/h - left(off) - right(off) - speed(49 km/h) - brake(on)
2024-07-16 23:54:26,012 - INFO - Speed 50 km/h - left(off) - right(off) - speed(50 km/h) - brake(on)
2024-07-16 23:54:26,118 - INFO - Speed 50 km/h - left(off) - right(off) - speed(50 km/h) - brake(on)
2024-07-16 23:54:26,624 - INFO - Brake on - left(off) - right(off) - speed(50 km/h) - brake(on)
2024-07-16 23:54:26,635 - INFO - Speed 49 km/h - left(off) - right(off) - speed(49 km/h) - brake(on)
2024-07-16 23:54:26,645 - INFO - Speed 48 km/h - left(off) - right(off) - speed(48 km/h) - brake(on)
2024-07-16 23:54:26,655 - INFO - Speed 47 km/h - left(off) - right(off) - speed(47 km/h) - brake(on)
2024-07-16 23:54:26,665 - INFO - Speed 46 km/h - left(off) - right(off) - speed(46 km/h) - brake(on)
2024-07-16 23:54:26,675 - INFO - Speed 45 km/h - left(off) - right(off) - speed(45 km/h) - brake(on)
2024-07-16 23:54:26,685 - INFO - Speed 44 km/h - left(off) - right(off) - speed(44 km/h) - brake(on)
2024-07-16 23:54:26,695 - INFO - Speed 43 km/h - left(off) - right(off) - speed(43 km/h) - brake(on)
2024-07-16 23:54:26,705 - INFO - Speed 42 km/h - left(off) - right(off) - speed(42 km/h) - brake(on)
2024-07-16 23:54:26,715 - INFO - Speed 41 km/h - left(off) - right(off) - speed(41 km/h) - brake(on)
2024-07-16 23:54:26,725 - INFO - Speed 40 km/h - left(off) - right(off) - speed(40 km/h) - brake(on)
2024-07-16 23:54:26,735 - INFO - Speed 39 km/h - left(off) - right(off) - speed(39 km/h) - brake(on)
2024-07-16 23:54:26,745 - INFO - Speed 38 km/h - left(off) - right(off) - speed(38 km/h) - brake(on)
2024-07-16 23:54:26,755 - INFO - Speed 37 km/h - left(off) - right(off) - speed(37 km/h) - brake(on)
2024-07-16 23:54:26,765 - INFO - Speed 36 km/h - left(off) - right(off) - speed(36 km/h) - brake(on)
2024-07-16 23:54:26,775 - INFO - Speed 35 km/h - left(off) - right(off) - speed(35 km/h) - brake(on)
2024-07-16 23:54:26,785 - INFO - Speed 34 km/h - left(off) - right(off) - speed(34 km/h) - brake(on)
2024-07-16 23:54:26,795 - INFO - Speed 33 km/h - left(off) - right(off) - speed(33 km/h) - brake(on)
2024-07-16 23:54:26,805 - INFO - Speed 32 km/h - left(off) - right(off) - speed(32 km/h) - brake(on)
2024-07-16 23:54:26,815 - INFO - Speed 31 km/h - left(off) - right(off) - speed(31 km/h) - brake(on)
2024-07-16 23:54:26,825 - INFO - Speed 30 km/h - left(off) - right(off) - speed(30 km/h) - brake(on)
2024-07-16 23:54:26,835 - INFO - Speed 29 km/h - left(off) - right(off) - speed(29 km/h) - brake(on)
2024-07-16 23:54:26,845 - INFO - Speed 28 km/h - left(off) - right(off) - speed(28 km/h) - brake(on)
2024-07-16 23:54:26,855 - INFO - Speed 27 km/h - left(off) - right(off) - speed(27 km/h) - brake(on)
2024-07-16 23:54:26,865 - INFO - Speed 26 km/h - left(off) - right(off) - speed(26 km/h) - brake(on)
2024-07-16 23:54:26,875 - INFO - Speed 25 km/h - left(off) - right(off) - speed(25 km/h) - brake(on)
2024-07-16 23:54:26,885 - INFO - Speed 24 km/h - left(off) - right(off) - speed(24 km/h) - brake(on)
2024-07-16 23:54:26,895 - INFO - Speed 23 km/h - left(off) - right(off) - speed(23 km/h) - brake(on)
2024-07-16 23:54:26,905 - INFO - Speed 22 km/h - left(off) - right(off) - speed(22 km/h) - brake(on)
2024-07-16 23:54:26,914 - INFO - Speed 21 km/h - left(off) - right(off) - speed(21 km/h) - brake(on)
2024-07-16 23:54:26,925 - INFO - Speed 20 km/h - left(off) - right(off) - speed(20 km/h) - brake(on)
2024-07-16 23:54:26,935 - INFO - Speed 19 km/h - left(off) - right(off) - speed(19 km/h) - brake(on)
2024-07-16 23:54:26,945 - INFO - Speed 18 km/h - left(off) - right(off) - speed(18 km/h) - brake(on)
2024-07-16 23:54:26,955 - INFO - Speed 17 km/h - left(off) - right(off) - speed(17 km/h) - brake(on)
2024-07-16 23:54:26,965 - INFO - Speed 16 km/h - left(off) - right(off) - speed(16 km/h) - brake(on)
2024-07-16 23:54:26,974 - INFO - Brake released - left(off) - right(off) - speed(16 km/h) - brake(on)
2024-07-16 23:54:27,078 - INFO - Speed 17 km/h - left(off) - right(off) - speed(17 km/h) - brake(on)
2024-07-16 23:54:27,185 - INFO - Speed 18 km/h - left(off) - right(off) - speed(18 km/h) - brake(on)
2024-07-16 23:54:27,310 - INFO - Speed 19 km/h - left(off) - right(off) - speed(19 km/h) - brake(on)
2024-07-16 23:54:27,419 - INFO - Speed 20 km/h - left(off) - right(off) - speed(20 km/h) - brake(on)
2024-07-16 23:54:27,528 - INFO - Speed 21 km/h - left(off) - right(off) - speed(21 km/h) - brake(on)
2024-07-16 23:54:27,623 - INFO - Speed 22 km/h - left(off) - right(off) - speed(22 km/h) - brake(on)
2024-07-16 23:54:27,738 - INFO - Speed 23 km/h - left(off) - right(off) - speed(23 km/h) - brake(on)
2024-07-16 23:54:27,843 - INFO - Speed 24 km/h - left(off) - right(off) - speed(24 km/h) - brake(on)
2024-07-16 23:54:28,036 - INFO - Speed 25 km/h - left(off) - right(off) - speed(25 km/h) - brake(on)
2024-07-17 09:20:46,399 - INFO - Car started
2024-07-17 09:20:46,511 - INFO - Speed 1 km/h - left(off) - right(off) - speed(1 km/h) - brake(on)
2024-07-17 09:20:46,619 - INFO - Speed 2 km/h - left(off) - right(off) - speed(2 km/h) - brake(on)
2024-07-17 09:20:46,727 - INFO - Speed 3 km/h - left(off) - right(off) - speed(3 km/h) - brake(on)
2024-07-17 09:20:46,838 - INFO - Speed 4 km/h - left(off) - right(off) - speed(4 km/h) - brake(on)
2024-07-17 09:20:46,947 - INFO - Speed 5 km/h - left(off) - right(off) - speed(5 km/h) - brake(on)
2024-07-17 09:20:47,056 - INFO - Speed 6 km/h - left(off) - right(off) - speed(6 km/h) - brake(on)
2024-07-17 09:20:47,163 - INFO - Speed 7 km/h - left(off) - right(off) - speed(7 km/h) - brake(on)
2024-07-17 09:20:47,271 - INFO - Speed 8 km/h - left(off) - right(off) - speed(8 km/h) - brake(on)
2024-07-17 09:20:47,394 - INFO - Speed 9 km/h - left(off) - right(off) - speed(9 km/h) - brake(on)
2024-07-17 09:20:47,502 - INFO - Speed 10 km/h - left(off) - right(off) - speed(10 km/h) - brake(on)
2024-07-17 09:20:47,611 - INFO - Speed 11 km/h - left(off) - right(off) - speed(11 km/h) - brake(on)
2024-07-17 09:20:47,720 - INFO - Speed 12 km/h - left(off) - right(off) - speed(12 km/h) - brake(on)
2024-07-17 09:20:47,828 - INFO - Speed 13 km/h - left(off) - right(off) - speed(13 km/h) - brake(on)
2024-07-17 09:20:47,938 - INFO - Speed 14 km/h - left(off) - right(off) - speed(14 km/h) - brake(on)
2024-07-17 09:20:48,047 - INFO - Speed 15 km/h - left(off) - right(off) - speed(15 km/h) - brake(on)
2024-07-17 09:20:48,155 - INFO - Speed 16 km/h - left(off) - right(off) - speed(16 km/h) - brake(on)
2024-07-17 09:20:48,265 - INFO - Speed 17 km/h - left(off) - right(off) - speed(17 km/h) - brake(on)
2024-07-17 09:20:48,371 - INFO - Speed 18 km/h - left(off) - right(off) - speed(18 km/h) - brake(on)
2024-07-17 09:20:48,472 - INFO - Speed 19 km/h - left(off) - right(off) - speed(19 km/h) - brake(on)
2024-07-17 09:20:48,587 - INFO - Speed 20 km/h - left(off) - right(off) - speed(20 km/h) - brake(on)
2024-07-17 09:20:48,694 - INFO - Speed 21 km/h - left(off) - right(off) - speed(21 km/h) - brake(on)
2024-07-17 09:20:48,803 - INFO - Speed 22 km/h - left(off) - right(off) - speed(22 km/h) - brake(on)
2024-07-17 09:20:48,916 - INFO - Speed 23 km/h - left(off) - right(off) - speed(23 km/h) - brake(on)
2024-07-17 09:20:49,022 - INFO - Speed 24 km/h - left(off) - right(off) - speed(24 km/h) - brake(on)
2024-07-17 09:20:49,134 - INFO - Speed 25 km/h - left(off) - right(off) - speed(25 km/h) - brake(on)
2024-07-17 09:20:49,488 - INFO - Speed 26 km/h - left(off) - right(off) - speed(26 km/h) - brake(on)
2024-07-17 09:20:49,569 - INFO - Speed 27 km/h - left(off) - right(off) - speed(27 km/h) - brake(on)
2024-07-17 09:20:49,690 - INFO - Speed 28 km/h - left(off) - right(off) - speed(28 km/h) - brake(on)
2024-07-17 09:20:49,800 - INFO - Speed 29 km/h - left(off) - right(off) - speed(29 km/h) - brake(on)
2024-07-17 09:20:49,909 - INFO - Speed 30 km/h - left(off) - right(off) - speed(30 km/h) - brake(on)
2024-07-17 09:20:50,020 - INFO - Speed 31 km/h - left(off) - right(off) - speed(31 km/h) - brake(on)
2024-07-17 09:20:50,129 - INFO - Speed 32 km/h - left(off) - right(off) - speed(32 km/h) - brake(on)
2024-07-17 09:20:50,252 - INFO - Speed 33 km/h - left(off) - right(off) - speed(33 km/h) - brake(on)
2024-07-17 09:20:50,354 - INFO - Speed 34 km/h - left(off) - right(off) - speed(34 km/h) - brake(on)
2024-07-17 09:20:50,457 - INFO - Speed 35 km/h - left(off) - right(off) - speed(35 km/h) - brake(on)
2024-07-17 09:20:50,579 - INFO - Speed 36 km/h - left(off) - right(off) - speed(36 km/h) - brake(on)
2024-07-17 09:20:50,690 - INFO - Speed 37 km/h - left(off) - right(off) - speed(37 km/h) - brake(on)
2024-07-17 09:20:50,798 - INFO - Speed 38 km/h - left(off) - right(off) - speed(38 km/h) - brake(on)
2024-07-17 09:20:50,907 - INFO - Speed 39 km/h - left(off) - right(off) - speed(39 km/h) - brake(on)
2024-07-17 09:20:51,015 - INFO - Speed 40 km/h - left(off) - right(off) - speed(40 km/h) - brake(on)
2024-07-17 09:20:51,124 - INFO - Speed 41 km/h - left(off) - right(off) - speed(41 km/h) - brake(on)
2024-07-17 09:20:51,232 - INFO - Speed 42 km/h - left(off) - right(off) - speed(42 km/h) - brake(on)
2024-07-17 09:20:51,342 - INFO - Speed 43 km/h - left(off) - right(off) - speed(43 km/h) - brake(on)
2024-07-17 09:20:51,450 - INFO - Speed 44 km/h - left(off) - right(off) - speed(44 km/h) - brake(on)
2024-07-17 09:20:51,561 - INFO - Speed 45 km/h - left(off) - right(off) - speed(45 km/h) - brake(on)
2024-07-17 09:20:51,668 - INFO - Speed 46 km/h - left(off) - right(off) - speed(46 km/h) - brake(on)
2024-07-17 09:20:51,779 - INFO - Speed 47 km/h - left(off) - right(off) - speed(47 km/h) - brake(on)
2024-07-17 09:20:51,887 - INFO - Speed 48 km/h - left(off) - right(off) - speed(48 km/h) - brake(on)
2024-07-17 09:20:51,996 - INFO - Speed 49 km/h - left(off) - right(off) - speed(49 km/h) - brake(on)
2024-07-17 09:20:52,105 - INFO - Speed 50 km/h - left(off) - right(off) - speed(50 km/h) - brake(on)
2024-07-17 09:20:52,212 - INFO - Speed 50 km/h - left(off) - right(off) - speed(50 km/h) - brake(on)
2024-07-17 09:21:12,472 - INFO - Car stopped
2024-07-17 09:21:14,180 - INFO - Car started
2024-07-17 09:21:14,300 - INFO - Speed 1 km/h - left(off) - right(off) - speed(1 km/h) - brake(on)
2024-07-17 09:21:14,395 - INFO - Speed 2 km/h - left(off) - right(off) - speed(2 km/h) - brake(on)
2024-07-17 09:21:14,517 - INFO - Speed 3 km/h - left(off) - right(off) - speed(3 km/h) - brake(on)
2024-07-17 09:21:14,626 - INFO - Speed 4 km/h - left(off) - right(off) - speed(4 km/h) - brake(on)
2024-07-17 09:21:14,734 - INFO - Speed 5 km/h - left(off) - right(off) - speed(5 km/h) - brake(on)
2024-07-17 09:21:14,843 - INFO - Speed 6 km/h - left(off) - right(off) - speed(6 km/h) - brake(on)
2024-07-17 09:21:14,951 - INFO - Speed 7 km/h - left(off) - right(off) - speed(7 km/h) - brake(on)
2024-07-17 09:21:15,054 - INFO - Speed 8 km/h - left(off) - right(off) - speed(8 km/h) - brake(on)
2024-07-17 09:21:15,163 - INFO - Speed 9 km/h - left(off) - right(off) - speed(9 km/h) - brake(on)
2024-07-17 09:21:15,270 - INFO - Speed 10 km/h - left(off) - right(off) - speed(10 km/h) - brake(on)
2024-07-17 09:21:15,382 - INFO - Speed 11 km/h - left(off) - right(off) - speed(11 km/h) - brake(on)
2024-07-17 09:21:15,492 - INFO - Speed 12 km/h - left(off) - right(off) - speed(12 km/h) - brake(on)
2024-07-17 09:21:15,600 - INFO - Speed 13 km/h - left(off) - right(off) - speed(13 km/h) - brake(on)
2024-07-17 09:21:15,709 - INFO - Speed 14 km/h - left(off) - right(off) - speed(14 km/h) - brake(on)
2024-07-17 09:21:15,818 - INFO - Speed 15 km/h - left(off) - right(off) - speed(15 km/h) - brake(on)
2024-07-17 09:21:15,928 - INFO - Speed 16 km/h - left(off) - right(off) - speed(16 km/h) - brake(on)
2024-07-17 09:21:16,038 - INFO - Speed 17 km/h - left(off) - right(off) - speed(17 km/h) - brake(on)
2024-07-17 09:21:16,145 - INFO - Speed 18 km/h - left(off) - right(off) - speed(18 km/h) - brake(on)
2024-07-17 09:21:16,254 - INFO - Speed 19 km/h - left(off) - right(off) - speed(19 km/h) - brake(on)
2024-07-17 09:21:16,364 - INFO - Speed 20 km/h - left(off) - right(off) - speed(20 km/h) - brake(on)
2024-07-17 09:21:16,487 - INFO - Speed 21 km/h - left(off) - right(off) - speed(21 km/h) - brake(on)
2024-07-17 09:21:16,597 - INFO - Speed 22 km/h - left(off) - right(off) - speed(22 km/h) - brake(on)
2024-07-17 09:21:16,706 - INFO - Speed 23 km/h - left(off) - right(off) - speed(23 km/h) - brake(on)
2024-07-17 09:21:16,813 - INFO - Speed 24 km/h - left(off) - right(off) - speed(24 km/h) - brake(on)
2024-07-17 09:21:16,922 - INFO - Speed 25 km/h - left(off) - right(off) - speed(25 km/h) - brake(on)
2024-07-17 09:21:17,032 - INFO - Speed 26 km/h - left(off) - right(off) - speed(26 km/h) - brake(on)
2024-07-17 09:21:17,142 - INFO - Speed 27 km/h - left(off) - right(off) - speed(27 km/h) - brake(on)
2024-07-17 09:21:17,252 - INFO - Speed 28 km/h - left(off) - right(off) - speed(28 km/h) - brake(on)
2024-07-17 09:21:17,361 - INFO - Speed 29 km/h - left(off) - right(off) - speed(29 km/h) - brake(on)
2024-07-17 09:21:17,469 - INFO - Speed 30 km/h - left(off) - right(off) - speed(30 km/h) - brake(on)
2024-07-17 09:21:17,577 - INFO - Speed 31 km/h - left(off) - right(off) - speed(31 km/h) - brake(on)
2024-07-17 09:21:17,686 - INFO - Speed 32 km/h - left(off) - right(off) - speed(32 km/h) - brake(on)
2024-07-17 09:21:17,796 - INFO - Speed 33 km/h - left(off) - right(off) - speed(33 km/h) - brake(on)
2024-07-17 09:21:17,906 - INFO - Speed 34 km/h - left(off) - right(off) - speed(34 km/h) - brake(on)
2024-07-17 09:21:18,014 - INFO - Speed 35 km/h - left(off) - right(off) - speed(35 km/h) - brake(on)
2024-07-17 09:21:18,124 - INFO - Speed 36 km/h - left(off) - right(off) - speed(36 km/h) - brake(on)
2024-07-17 09:21:18,231 - INFO - Speed 37 km/h - left(off) - right(off) - speed(37 km/h) - brake(on)
2024-07-17 09:21:18,339 - INFO - Speed 38 km/h - left(off) - right(off) - speed(38 km/h) - brake(on)
2024-07-17 09:21:18,446 - INFO - Speed 39 km/h - left(off) - right(off) - speed(39 km/h) - brake(on)
2024-07-17 09:21:18,556 - INFO - Speed 40 km/h - left(off) - right(off) - speed(40 km/h) - brake(on)
2024-07-17 09:21:18,666 - INFO - Speed 41 km/h - left(off) - right(off) - speed(41 km/h) - brake(on)
2024-07-17 09:21:18,775 - INFO - Speed 42 km/h - left(off) - right(off) - speed(42 km/h) - brake(on)
2024-07-17 09:21:18,882 - INFO - Speed 43 km/h - left(off) - right(off) - speed(43 km/h) - brake(on)
2024-07-17 09:21:18,989 - INFO - Speed 44 km/h - left(off) - right(off) - speed(44 km/h) - brake(on)
2024-07-17 09:21:19,103 - INFO - Speed 45 km/h - left(off) - right(off) - speed(45 km/h) - brake(on)
2024-07-17 09:21:19,221 - INFO - Speed 46 km/h - left(off) - right(off) - speed(46 km/h) - brake(on)
2024-07-17 09:21:19,331 - INFO - Speed 47 km/h - left(off) - right(off) - speed(47 km/h) - brake(on)
2024-07-17 09:21:19,428 - INFO - Speed 48 km/h - left(off) - right(off) - speed(48 km/h) - brake(on)
2024-07-17 09:21:19,536 - INFO - Speed 49 km/h - left(off) - right(off) - speed(49 km/h) - brake(on)
2024-07-17 09:21:19,649 - INFO - Speed 50 km/h - left(off) - right(off) - speed(50 km/h) - brake(on)
2024-07-17 09:21:19,754 - INFO - Speed 50 km/h - left(off) - right(off) - speed(50 km/h) - brake(on)
2024-07-17 16:58:40,457 - INFO - Car started
2024-07-17 16:58:40,564 - INFO - Speed 1 km/h - left(off) - right(off) - speed(1 km/h) - brake(on)
2024-07-17 16:58:40,675 - INFO - Speed 2 km/h - left(off) - right(off) - speed(2 km/h) - brake(on)
2024-07-17 16:58:40,786 - INFO - Speed 3 km/h - left(off) - right(off) - speed(3 km/h) - brake(on)
2024-07-17 16:58:40,898 - INFO - Speed 4 km/h - left(off) - right(off) - speed(4 km/h) - brake(on)
2024-07-17 16:58:41,009 - INFO - Speed 5 km/h - left(off) - right(off) - speed(5 km/h) - brake(on)
2024-07-17 16:58:41,169 - INFO - Speed 6 km/h - left(off) - right(off) - speed(6 km/h) - brake(on)
2024-07-17 16:58:41,349 - INFO - Speed 7 km/h - left(off) - right(off) - speed(7 km/h) - brake(on)
2024-07-17 16:58:41,442 - INFO - Speed 8 km/h - left(off) - right(off) - speed(8 km/h) - brake(on)
2024-07-17 16:58:41,552 - INFO - Speed 9 km/h - left(off) - right(off) - speed(9 km/h) - brake(on)
2024-07-17 16:58:41,662 - INFO - Speed 10 km/h - left(off) - right(off) - speed(10 km/h) - brake(on)
2024-07-17 16:58:41,769 - INFO - Speed 11 km/h - left(off) - right(off) - speed(11 km/h) - brake(on)
2024-07-17 16:58:41,878 - INFO - Speed 12 km/h - left(off) - right(off) - speed(12 km/h) - brake(on)
2024-07-17 16:58:41,987 - INFO - Speed 13 km/h - left(off) - right(off) - speed(13 km/h) - brake(on)
2024-07-17 16:58:42,099 - INFO - Speed 14 km/h - left(off) - right(off) - speed(14 km/h) - brake(on)
2024-07-17 16:58:42,212 - INFO - Speed 15 km/h - left(off) - right(off) - speed(15 km/h) - brake(on)
2024-07-17 16:58:42,322 - INFO - Speed 16 km/h - left(off) - right(off) - speed(16 km/h) - brake(on)
2024-07-17 16:58:42,434 - INFO - Speed 17 km/h - left(off) - right(off) - speed(17 km/h) - brake(on)
2024-07-17 16:58:42,544 - INFO - Speed 18 km/h - left(off) - right(off) - speed(18 km/h) - brake(on)
2024-07-17 16:58:42,642 - INFO - Speed 19 km/h - left(off) - right(off) - speed(19 km/h) - brake(on)
2024-07-17 16:58:42,755 - INFO - Speed 20 km/h - left(off) - right(off) - speed(20 km/h) - brake(on)
2024-07-17 16:58:42,866 - INFO - Speed 21 km/h - left(off) - right(off) - speed(21 km/h) - brake(on)
2024-07-17 16:58:42,978 - INFO - Speed 22 km/h - left(off) - right(off) - speed(22 km/h) - brake(on)
2024-07-17 16:58:43,088 - INFO - Speed 23 km/h - left(off) - right(off) - speed(23 km/h) - brake(on)
2024-07-17 16:58:43,198 - INFO - Speed 24 km/h - left(off) - right(off) - speed(24 km/h) - brake(on)
2024-07-17 16:58:43,298 - INFO - Speed 25 km/h - left(off) - right(off) - speed(25 km/h) - brake(on)
2024-07-17 16:58:43,411 - INFO - Speed 26 km/h - left(off) - right(off) - speed(26 km/h) - brake(on)
2024-07-17 16:58:43,523 - INFO - Speed 27 km/h - left(off) - right(off) - speed(27 km/h) - brake(on)
2024-07-17 16:58:43,634 - INFO - Speed 28 km/h - left(off) - right(off) - speed(28 km/h) - brake(on)
2024-07-17 16:58:43,743 - INFO - Speed 29 km/h - left(off) - right(off) - speed(29 km/h) - brake(on)
2024-07-17 16:58:43,849 - INFO - Speed 30 km/h - left(off) - right(off) - speed(30 km/h) - brake(on)
2024-07-17 16:58:43,954 - INFO - Speed 31 km/h - left(off) - right(off) - speed(31 km/h) - brake(on)
2024-07-17 16:58:44,067 - INFO - Speed 32 km/h - left(off) - right(off) - speed(32 km/h) - brake(on)
2024-07-17 16:58:44,176 - INFO - Speed 33 km/h - left(off) - right(off) - speed(33 km/h) - brake(on)
2024-07-17 16:58:44,285 - INFO - Speed 34 km/h - left(off) - right(off) - speed(34 km/h) - brake(on)
2024-07-17 16:58:44,392 - INFO - Speed 35 km/h - left(off) - right(off) - speed(35 km/h) - brake(on)
2024-07-17 16:58:44,516 - INFO - Speed 36 km/h - left(off) - right(off) - speed(36 km/h) - brake(on)
2024-07-17 16:58:44,625 - INFO - Speed 37 km/h - left(off) - right(off) - speed(37 km/h) - brake(on)
2024-07-17 16:58:44,722 - INFO - Speed 38 km/h - left(off) - right(off) - speed(38 km/h) - brake(on)
2024-07-17 16:58:44,835 - INFO - Speed 39 km/h - left(off) - right(off) - speed(39 km/h) - brake(on)
2024-07-17 16:58:44,946 - INFO - Speed 40 km/h - left(off) - right(off) - speed(40 km/h) - brake(on)
2024-07-17 16:58:45,060 - INFO - Speed 41 km/h - left(off) - right(off) - speed(41 km/h) - brake(on)
2024-07-17 16:58:45,167 - INFO - Speed 42 km/h - left(off) - right(off) - speed(42 km/h) - brake(on)
2024-07-17 16:58:45,267 - INFO - Speed 43 km/h - left(off) - right(off) - speed(43 km/h) - brake(on)
2024-07-17 16:58:45,378 - INFO - Speed 44 km/h - left(off) - right(off) - speed(44 km/h) - brake(on)
2024-07-17 16:58:45,490 - INFO - Speed 45 km/h - left(off) - right(off) - speed(45 km/h) - brake(on)
2024-07-17 16:58:45,602 - INFO - Speed 46 km/h - left(off) - right(off) - speed(46 km/h) - brake(on)
2024-07-17 16:58:45,710 - INFO - Speed 47 km/h - left(off) - right(off) - speed(47 km/h) - brake(on)
2024-07-17 16:58:45,818 - INFO - Speed 48 km/h - left(off) - right(off) - speed(48 km/h) - brake(on)
2024-07-17 16:58:45,927 - INFO - Speed 49 km/h - left(off) - right(off) - speed(49 km/h) - brake(on)
2024-07-17 16:58:46,034 - INFO - Speed 50 km/h - left(off) - right(off) - speed(50 km/h) - brake(on)
2024-07-17 16:58:46,142 - INFO - Speed 50 km/h - left(off) - right(off) - speed(50 km/h) - brake(on)
2024-07-17 16:59:06,211 - INFO - Car started
2024-07-17 16:59:06,316 - INFO - Speed 1 km/h - left(off) - right(off) - speed(1 km/h) - brake(on)
2024-07-17 16:59:06,426 - INFO - Speed 2 km/h - left(off) - right(off) - speed(2 km/h) - brake(on)
2024-07-17 16:59:06,535 - INFO - Speed 3 km/h - left(off) - right(off) - speed(3 km/h) - brake(on)
2024-07-17 16:59:06,641 - INFO - Speed 4 km/h - left(off) - right(off) - speed(4 km/h) - brake(on)
2024-07-17 16:59:06,751 - INFO - Speed 5 km/h - left(off) - right(off) - speed(5 km/h) - brake(on)
2024-07-17 16:59:06,865 - INFO - Speed 6 km/h - left(off) - right(off) - speed(6 km/h) - brake(on)
2024-07-17 16:59:06,970 - INFO - Speed 7 km/h - left(off) - right(off) - speed(7 km/h) - brake(on)
2024-07-17 16:59:07,090 - INFO - Speed 8 km/h - left(off) - right(off) - speed(8 km/h) - brake(on)
2024-07-17 16:59:07,191 - INFO - Speed 9 km/h - left(off) - right(off) - speed(9 km/h) - brake(on)
2024-07-17 16:59:07,297 - INFO - Speed 10 km/h - left(off) - right(off) - speed(10 km/h) - brake(on)
2024-07-17 16:59:07,411 - INFO - Speed 11 km/h - left(off) - right(off) - speed(11 km/h) - brake(on)
2024-07-17 16:59:07,518 - INFO - Speed 12 km/h - left(off) - right(off) - speed(12 km/h) - brake(on)
2024-07-17 16:59:07,630 - INFO - Speed 13 km/h - left(off) - right(off) - speed(13 km/h) - brake(on)
2024-07-17 16:59:07,735 - INFO - Speed 14 km/h - left(off) - right(off) - speed(14 km/h) - brake(on)
2024-07-17 16:59:07,844 - INFO - Speed 15 km/h - left(off) - right(off) - speed(15 km/h) - brake(on)
2024-07-17 16:59:07,954 - INFO - Speed 16 km/h - left(off) - right(off) - speed(16 km/h) - brake(on)
2024-07-17 16:59:08,063 - INFO - Speed 17 km/h - left(off) - right(off) - speed(17 km/h) - brake(on)
2024-07-17 16:59:08,173 - INFO - Speed 18 km/h - left(off) - right(off) - speed(18 km/h) - brake(on)
2024-07-17 16:59:08,284 - INFO - Speed 19 km/h - left(off) - right(off) - speed(19 km/h) - brake(on)
2024-07-17 16:59:08,417 - INFO - Speed 20 km/h - left(off) - right(off) - speed(20 km/h) - brake(on)
2024-07-17 17:02:33,549 - INFO - Car started
2024-07-17 17:02:33,647 - INFO - Speed 1 km/h - left(off) - right(off) - speed(1 km/h) - brake(on)
2024-07-17 17:02:33,759 - INFO - Speed 2 km/h - left(off) - right(off) - speed(2 km/h) - brake(on)
2024-07-17 17:02:33,871 - INFO - Speed 3 km/h - left(off) - right(off) - speed(3 km/h) - brake(on)
2024-07-17 17:02:33,975 - INFO - Speed 4 km/h - left(off) - right(off) - speed(4 km/h) - brake(on)
2024-07-17 17:02:34,088 - INFO - Speed 5 km/h - left(off) - right(off) - speed(5 km/h) - brake(on)
2024-07-17 17:02:34,195 - INFO - Speed 6 km/h - left(off) - right(off) - speed(6 km/h) - brake(on)
2024-07-17 17:02:34,305 - INFO - Speed 7 km/h - left(off) - right(off) - speed(7 km/h) - brake(on)
2024-07-17 17:02:34,414 - INFO - Speed 8 km/h - left(off) - right(off) - speed(8 km/h) - brake(on)
2024-07-17 17:02:34,522 - INFO - Speed 9 km/h - left(off) - right(off) - speed(9 km/h) - brake(on)
2024-07-17 17:02:34,631 - INFO - Speed 10 km/h - left(off) - right(off) - speed(10 km/h) - brake(on)
2024-07-17 17:02:34,740 - INFO - Speed 11 km/h - left(off) - right(off) - speed(11 km/h) - brake(on)
2024-07-17 17:02:34,856 - INFO - Speed 12 km/h - left(off) - right(off) - speed(12 km/h) - brake(on)
2024-07-17 17:02:34,967 - INFO - Speed 13 km/h - left(off) - right(off) - speed(13 km/h) - brake(on)
2024-07-17 17:02:35,076 - INFO - Speed 14 km/h - left(off) - right(off) - speed(14 km/h) - brake(on)
2024-07-17 17:02:35,248 - INFO - Speed 15 km/h - left(off) - right(off) - speed(15 km/h) - brake(on)
2024-07-17 17:02:35,305 - INFO - Speed 16 km/h - left(off) - right(off) - speed(16 km/h) - brake(on)
2024-07-17 17:02:35,420 - INFO - Speed 17 km/h - left(off) - right(off) - speed(17 km/h) - brake(on)
2024-07-17 17:02:35,506 - INFO - Speed 18 km/h - left(off) - right(off) - speed(18 km/h) - brake(on)
2024-07-17 17:02:35,617 - INFO - Speed 19 km/h - left(off) - right(off) - speed(19 km/h) - brake(on)
2024-07-17 17:02:35,744 - INFO - Speed 20 km/h - left(off) - right(off) - speed(20 km/h) - brake(on)
2024-07-17 17:02:35,834 - INFO - Speed 21 km/h - left(off) - right(off) - speed(21 km/h) - brake(on)
2024-07-17 17:02:35,943 - INFO - Speed 22 km/h - left(off) - right(off) - speed(22 km/h) - brake(on)
2024-07-17 17:02:36,057 - INFO - Speed 23 km/h - left(off) - right(off) - speed(23 km/h) - brake(on)
2024-07-17 17:02:36,162 - INFO - Speed 24 km/h - left(off) - right(off) - speed(24 km/h) - brake(on)
2024-07-17 17:02:36,273 - INFO - Speed 25 km/h - left(off) - right(off) - speed(25 km/h) - brake(on)
2024-07-17 17:02:36,382 - INFO - Speed 26 km/h - left(off) - right(off) - speed(26 km/h) - brake(on)
2024-07-17 17:02:36,504 - INFO - Speed 27 km/h - left(off) - right(off) - speed(27 km/h) - brake(on)
2024-07-17 17:02:36,599 - INFO - Speed 28 km/h - left(off) - right(off) - speed(28 km/h) - brake(on)
2024-07-17 17:02:36,712 - INFO - Speed 29 km/h - left(off) - right(off) - speed(29 km/h) - brake(on)
2024-07-17 17:02:36,824 - INFO - Speed 30 km/h - left(off) - right(off) - speed(30 km/h) - brake(on)
2024-07-17 17:02:36,936 - INFO - Speed 31 km/h - left(off) - right(off) - speed(31 km/h) - brake(on)
2024-07-17 17:02:37,047 - INFO - Speed 32 km/h - left(off) - right(off) - speed(32 km/h) - brake(on)
2024-07-17 17:02:37,156 - INFO - Speed 33 km/h - left(off) - right(off) - speed(33 km/h) - brake(on)
2024-07-17 17:02:37,256 - INFO - Speed 34 km/h - left(off) - right(off) - speed(34 km/h) - brake(on)
2024-07-17 17:02:37,367 - INFO - Speed 35 km/h - left(off) - right(off) - speed(35 km/h) - brake(on)
2024-07-17 17:02:37,480 - INFO - Speed 36 km/h - left(off) - right(off) - speed(36 km/h) - brake(on)
2024-07-17 17:02:37,591 - INFO - Speed 37 km/h - left(off) - right(off) - speed(37 km/h) - brake(on)
2024-07-17 17:02:37,693 - INFO - Speed 38 km/h - left(off) - right(off) - speed(38 km/h) - brake(on)
2024-07-17 17:02:37,802 - INFO - Speed 39 km/h - left(off) - right(off) - speed(39 km/h) - brake(on)
2024-07-17 17:02:37,916 - INFO - Speed 40 km/h - left(off) - right(off) - speed(40 km/h) - brake(on)
2024-07-17 17:02:38,025 - INFO - Speed 41 km/h - left(off) - right(off) - speed(41 km/h) - brake(on)
2024-07-17 17:02:38,135 - INFO - Speed 42 km/h - left(off) - right(off) - speed(42 km/h) - brake(on)
2024-07-17 17:02:38,243 - INFO - Speed 43 km/h - left(off) - right(off) - speed(43 km/h) - brake(on)
2024-07-17 17:02:38,351 - INFO - Speed 44 km/h - left(off) - right(off) - speed(44 km/h) - brake(on)
2024-07-17 17:02:38,461 - INFO - Speed 45 km/h - left(off) - right(off) - speed(45 km/h) - brake(on)
2024-07-17 17:02:38,584 - INFO - Speed 46 km/h - left(off) - right(off) - speed(46 km/h) - brake(on)
2024-07-17 17:02:38,680 - INFO - Speed 47 km/h - left(off) - right(off) - speed(47 km/h) - brake(on)
2024-07-17 17:02:38,792 - INFO - Speed 48 km/h - left(off) - right(off) - speed(48 km/h) - brake(on)
2024-07-17 17:02:38,903 - INFO - Speed 49 km/h - left(off) - right(off) - speed(49 km/h) - brake(on)
2024-07-17 17:02:39,015 - INFO - Speed 50 km/h - left(off) - right(off) - speed(50 km/h) - brake(on)
2024-07-17 17:02:39,122 - INFO - Speed 50 km/h - left(off) - right(off) - speed(50 km/h) - brake(on)
